This is pdfTeX, Version 3.1415926-2.6-1.40.14 (TeX Live 2014/dev) (format=pdflatex 2014.7.22)  26 FEB 2015 15:53
entering extended mode
 restricted \write18 enabled.
 %&-line parsing enabled.
**beamerthemeUNLTheme.sty
(./beamerthemeUNLTheme.sty
LaTeX2e <2011/06/27>
Babel <3.9h> and hyphenation patterns for 76 languages loaded.
! Undefined control sequence.
l.3 \ProvidesPackageRCS
                        $Header: /cvsroot/latex-beamer/latex-beamer/themes/t...

? 
! Interruption.
<to be read again> 
                   $
l.3 \ProvidesPackageRCS $
                         Header: /cvsroot/latex-beamer/latex-beamer/themes/t...

? x
 
Here is how much of TeX's memory you used:
 6 strings out of 493328
 185 string characters out of 6140733
 51744 words of memory out of 5000000
 3562 multiletter control sequences out of 15000+600000
 3640 words of font info for 14 fonts, out of 8000000 for 9000
 953 hyphenation exceptions out of 8191
 5i,0n,1p,168b,8s stack positions out of 5000i,500n,10000p,200000b,80000s
No pages of output.
PDF statistics:
 0 PDF objects out of 1000 (max. 8388607)
 0 named destinations out of 1000 (max. 500000)
 1 words of extra memory for PDF output out of 10000 (max. 10000000)

